<?xml version="1.0" encoding="UTF-8"?>
<testsuite name="com.example.demo.TestApplicationTests" tests="1" skipped="0" failures="0" errors="0" timestamp="2025-06-12T06:05:28.159Z" hostname="MZ03-JMRYU.local" time="0.806">
  <properties/>
  <testcase name="contextLoads()" classname="com.example.demo.TestApplicationTests" time="0.806"/>
  <system-out><![CDATA[15:05:26.837 [Test worker] INFO org.springframework.test.context.support.AnnotationConfigContextLoaderUtils -- Could not detect default configuration classes for test class [com.example.demo.TestApplicationTests]: TestApplicationTests does not declare any static, non-private, non-final, nested classes annotated with @Configuration.
15:05:26.955 [Test worker] INFO org.springframework.boot.test.context.SpringBootTestContextBootstrapper -- Found @SpringBootConfiguration com.example.demo.TestApplication for test class com.example.demo.TestApplicationTests

  .   ____          _            __ _ _
 /\\ / ___'_ __ _ _(_)_ __  __ _ \ \ \ \
( ( )\___ | '_ | '_| | '_ \/ _` | \ \ \ \
 \\/  ___)| |_)| | | | | || (_| |  ) ) ) )
  '  |____| .__|_| |_|_| |_\__, | / / / /
 =========|_|==============|___/=/_/_/_/

 :: Spring Boot ::                (v3.5.0)

2025-06-12T15:05:27.344+09:00  INFO 69937 --- [test] [    Test worker] com.example.demo.TestApplicationTests    : Starting TestApplicationTests using Java 21.0.5 with PID 69937 (started by mz03-jmryu in /Users/mz03-jmryu/Desktop/Project/25.airbss/test)
2025-06-12T15:05:27.345+09:00  INFO 69937 --- [test] [    Test worker] com.example.demo.TestApplicationTests    : No active profile set, falling back to 1 default profile: "default"
2025-06-12T15:05:28.145+09:00  INFO 69937 --- [test] [    Test worker] com.example.demo.TestApplicationTests    : Started TestApplicationTests in 1.045 seconds (process running for 2.142)
]]></system-out>
  <system-err><![CDATA[Mockito is currently self-attaching to enable the inline-mock-maker. This will no longer work in future releases of the JDK. Please add Mockito as an agent to your build as described in Mockito's documentation: https://javadoc.io/doc/org.mockito/mockito-core/latest/org.mockito/org/mockito/Mockito.html#0.3
WARNING: A Java agent has been loaded dynamically (/Users/mz03-jmryu/.gradle/caches/modules-2/files-2.1/net.bytebuddy/byte-buddy-agent/1.17.5/58f9507f5f28d1d3e7adfb4ec2fe37c29d332c9b/byte-buddy-agent-1.17.5.jar)
WARNING: If a serviceability tool is in use, please run with -XX:+EnableDynamicAgentLoading to hide this warning
WARNING: If a serviceability tool is not in use, please run with -Djdk.instrument.traceUsage for more information
WARNING: Dynamic loading of agents will be disallowed by default in a future release
]]></system-err>
</testsuite>
